<html>
<head>
<title>TestNG:  TestNg-Automation Exercises</title>
<link href="../testng.css" rel="stylesheet" type="text/css" />
<link href="../my-testng.css" rel="stylesheet" type="text/css" />

<style type="text/css">
.log { display: none;} 
.stack-trace { display: none;} 
</style>
<script type="text/javascript">
<!--
function flip(e) {
  current = e.style.display;
  if (current == 'block') {
    e.style.display = 'none';
    return 0;
  }
  else {
    e.style.display = 'block';
    return 1;
  }
}

function toggleBox(szDivId, elem, msg1, msg2)
{
  var res = -1;  if (document.getElementById) {
    res = flip(document.getElementById(szDivId));
  }
  else if (document.all) {
    // this is the way old msie versions work
    res = flip(document.all[szDivId]);
  }
  if(elem) {
    if(res == 0) elem.innerHTML = msg1; else elem.innerHTML = msg2;
  }

}

function toggleAllBoxes() {
  if (document.getElementsByTagName) {
    d = document.getElementsByTagName('div');
    for (i = 0; i < d.length; i++) {
      if (d[i].className == 'log') {
        flip(d[i]);
      }
    }
  }
}

// -->
</script>

</head>
<body>
<h2 align='center'>TestNg-Automation Exercises</h2><table border='1' align="center">
<tr>
<td>Tests passed/Failed/Skipped:</td><td>22/0/1</td>
</tr><tr>
<td>Started on:</td><td>Wed Dec 29 16:48:32 IST 2021</td>
</tr>
<tr><td>Total time:</td><td>218 seconds (218438 ms)</td>
</tr><tr>
<td>Included groups:</td><td></td>
</tr><tr>
<td>Excluded groups:</td><td></td>
</tr>
</table><p/>
<small><i>(Hover the method name to see the test class name)</i></small><p/>
<table width='100%' border='1' class='invocation-failed'>
<tr><td colspan='4' align='center'><b>FAILED CONFIGURATIONS</b></td></tr>
<tr><td><b>Test method</b></td>
<td width="30%"><b>Exception</b></td>
<td width="10%"><b>Time (seconds)</b></td>
<td><b>Instance</b></td>
</tr>
<tr>
<td title='com.ae.tests.ExistEmailRegistrationTest.setup()'><b>setup</b><br>Test class: com.ae.tests.ExistEmailRegistrationTest</td>
<td><div><pre>org.openqa.selenium.NoSuchWindowException: no such window: target window already closed
from unknown error: web view not found
  (Session info: chrome=96.0.4664.110)
Build info: version: &apos;4.1.0&apos;, revision: &apos;87802e897b&apos;
System info: host: &apos;QT-INBG-LT0684&apos;, ip: &apos;192.168.29.147&apos;, os.name: &apos;Windows 10&apos;, os.arch: &apos;amd64&apos;, os.version: &apos;10.0&apos;, java.version: &apos;17.0.1&apos;
Driver info: org.openqa.selenium.chrome.ChromeDriver
Command: [d39e5c4459fe17f5496fb62a02a71ad6, maximizeCurrentWindow {}]
Capabilities {acceptInsecureCerts: false, browserName: chrome, browserVersion: 96.0.4664.110, chrome: {chromedriverVersion: 96.0.4664.45 (76e4c1bb2ab46..., userDataDir: C:\Users\YASHAW~1.H\AppData...}, goog:chromeOptions: {debuggerAddress: localhost:51010}, javascriptEnabled: true, networkConnectionEnabled: false, pageLoadStrategy: normal, platform: WINDOWS, platformName: WINDOWS, proxy: Proxy(), se:cdp: ws://localhost:51010/devtoo..., se:cdpVersion: 96.0.4664.110, setWindowRect: true, strictFileInteractability: false, timeouts: {implicit: 0, pageLoad: 300000, script: 30000}, unhandledPromptBehavior: dismiss and notify, webauthn:extension:credBlob: true, webauthn:extension:largeBlob: true, webauthn:virtualAuthenticators: true}
Session ID: d39e5c4459fe17f5496fb62a02a71ad6
	at org.openqa.selenium.remote.codec.w3c.W3CHttpResponseCodec.createException(W3CHttpResponseCodec.java:200)
	at org.openqa.selenium.remote.codec.w3c.W3CHttpResponseCodec.decode(W3CHttpResponseCodec.java:133)
	at org.openqa.selenium.remote.codec.w3c.W3CHttpResponseCodec.decode(W3CHttpResponseCodec.java:53)
	at org.openqa.selenium.remote.HttpCommandExecutor.execute(HttpCommandExecutor.java:184)
	at org.openqa.selenium.remote.service.DriverCommandExecutor.invokeExecute(DriverCommandExecutor.java:164)
	at org.openqa.selenium.remote.service.DriverCommandExecutor.execute(DriverCommandExecutor.java:139)
	at org.openqa.selenium.remote.RemoteWebDriver.execute(RemoteWebDriver.java:559)
	at org.openqa.selenium.remote.RemoteWebDriver.execute(RemoteWebDriver.java:614)
	at org.openqa.selenium.remote.RemoteWebDriver.execute(RemoteWebDriver.java:618)
	at org.openqa.selenium.remote.RemoteWebDriver$RemoteWebDriverOptions$RemoteWindow.maximize(RemoteWebDriver.java:928)
	at com.ae.qa.util.BaseTest.setup(BaseTest.java:63)
	at java.base/java.util.concurrent.ThreadPoolExecutor.runWorker(ThreadPoolExecutor.java:1136)
	at java.base/java.util.concurrent.ThreadPoolExecutor$Worker.run(ThreadPoolExecutor.java:635)
	at java.base/java.lang.Thread.run(Thread.java:833)
... Removed 14 stack frames</pre></div><a href='#' onClick='toggleBox("stack-trace137437932", this, "Click to show all stack frames", "Click to hide stack frames")'>Click to show all stack frames</a>
<div class='stack-trace' id='stack-trace137437932'><pre>org.openqa.selenium.NoSuchWindowException: no such window: target window already closed
from unknown error: web view not found
  (Session info: chrome=96.0.4664.110)
Build info: version: &apos;4.1.0&apos;, revision: &apos;87802e897b&apos;
System info: host: &apos;QT-INBG-LT0684&apos;, ip: &apos;192.168.29.147&apos;, os.name: &apos;Windows 10&apos;, os.arch: &apos;amd64&apos;, os.version: &apos;10.0&apos;, java.version: &apos;17.0.1&apos;
Driver info: org.openqa.selenium.chrome.ChromeDriver
Command: [d39e5c4459fe17f5496fb62a02a71ad6, maximizeCurrentWindow {}]
Capabilities {acceptInsecureCerts: false, browserName: chrome, browserVersion: 96.0.4664.110, chrome: {chromedriverVersion: 96.0.4664.45 (76e4c1bb2ab46..., userDataDir: C:\Users\YASHAW~1.H\AppData...}, goog:chromeOptions: {debuggerAddress: localhost:51010}, javascriptEnabled: true, networkConnectionEnabled: false, pageLoadStrategy: normal, platform: WINDOWS, platformName: WINDOWS, proxy: Proxy(), se:cdp: ws://localhost:51010/devtoo..., se:cdpVersion: 96.0.4664.110, setWindowRect: true, strictFileInteractability: false, timeouts: {implicit: 0, pageLoad: 300000, script: 30000}, unhandledPromptBehavior: dismiss and notify, webauthn:extension:credBlob: true, webauthn:extension:largeBlob: true, webauthn:virtualAuthenticators: true}
Session ID: d39e5c4459fe17f5496fb62a02a71ad6
	at java.base/jdk.internal.reflect.NativeConstructorAccessorImpl.newInstance0(Native Method)
	at java.base/jdk.internal.reflect.NativeConstructorAccessorImpl.newInstance(NativeConstructorAccessorImpl.java:77)
	at java.base/jdk.internal.reflect.DelegatingConstructorAccessorImpl.newInstance(DelegatingConstructorAccessorImpl.java:45)
	at java.base/java.lang.reflect.Constructor.newInstanceWithCaller(Constructor.java:499)
	at java.base/java.lang.reflect.Constructor.newInstance(Constructor.java:480)
	at org.openqa.selenium.remote.codec.w3c.W3CHttpResponseCodec.createException(W3CHttpResponseCodec.java:200)
	at org.openqa.selenium.remote.codec.w3c.W3CHttpResponseCodec.decode(W3CHttpResponseCodec.java:133)
	at org.openqa.selenium.remote.codec.w3c.W3CHttpResponseCodec.decode(W3CHttpResponseCodec.java:53)
	at org.openqa.selenium.remote.HttpCommandExecutor.execute(HttpCommandExecutor.java:184)
	at org.openqa.selenium.remote.service.DriverCommandExecutor.invokeExecute(DriverCommandExecutor.java:164)
	at org.openqa.selenium.remote.service.DriverCommandExecutor.execute(DriverCommandExecutor.java:139)
	at org.openqa.selenium.remote.RemoteWebDriver.execute(RemoteWebDriver.java:559)
	at org.openqa.selenium.remote.RemoteWebDriver.execute(RemoteWebDriver.java:614)
	at org.openqa.selenium.remote.RemoteWebDriver.execute(RemoteWebDriver.java:618)
	at org.openqa.selenium.remote.RemoteWebDriver$RemoteWebDriverOptions$RemoteWindow.maximize(RemoteWebDriver.java:928)
	at com.ae.qa.util.BaseTest.setup(BaseTest.java:63)
	at jdk.internal.reflect.GeneratedMethodAccessor8.invoke(Unknown Source)
	at java.base/jdk.internal.reflect.DelegatingMethodAccessorImpl.invoke(DelegatingMethodAccessorImpl.java:43)
	at java.base/java.lang.reflect.Method.invoke(Method.java:568)
	at org.testng.internal.MethodInvocationHelper.invokeMethod(MethodInvocationHelper.java:133)
	at org.testng.internal.MethodInvocationHelper.invokeMethodConsideringTimeout(MethodInvocationHelper.java:62)
	at org.testng.internal.ConfigInvoker.invokeConfigurationMethod(ConfigInvoker.java:385)
	at org.testng.internal.ConfigInvoker.invokeConfigurations(ConfigInvoker.java:321)
	at org.testng.internal.TestMethodWorker.invokeBeforeClassMethods(TestMethodWorker.java:176)
	at org.testng.internal.TestMethodWorker.run(TestMethodWorker.java:122)
	at java.base/java.util.concurrent.ThreadPoolExecutor.runWorker(ThreadPoolExecutor.java:1136)
	at java.base/java.util.concurrent.ThreadPoolExecutor$Worker.run(ThreadPoolExecutor.java:635)
	at java.base/java.lang.Thread.run(Thread.java:833)
</pre></div></td>
<td>141</td>
<td>com.ae.tests.ExistEmailRegistrationTest@77258e59</td></tr>
</table><p>
<table width='100%' border='1' class='invocation-skipped'>
<tr><td colspan='4' align='center'><b>SKIPPED CONFIGURATIONS</b></td></tr>
<tr><td><b>Test method</b></td>
<td width="30%"><b>Exception</b></td>
<td width="10%"><b>Time (seconds)</b></td>
<td><b>Instance</b></td>
</tr>
<tr>
<td title='com.ae.tests.ExistEmailRegistrationTest.wrapUp()'><b>wrapUp</b><br>Test class: com.ae.tests.ExistEmailRegistrationTest</td>
<td></td>
<td>-1640776930</td>
<td>com.ae.tests.ExistEmailRegistrationTest@77258e59</td></tr>
</table><p>
<table width='100%' border='1' class='invocation-passed'>
<tr><td colspan='4' align='center'><b>PASSED TESTS</b></td></tr>
<tr><td><b>Test method</b></td>
<td width="30%"><b>Exception</b></td>
<td width="10%"><b>Time (seconds)</b></td>
<td><b>Instance</b></td>
</tr>
<tr>
<td title='com.ae.tests.RemoveProductFromCartTest.registerUser()'><b>registerUser</b><br>Test class: com.ae.tests.RemoveProductFromCartTest</td>
<td></td>
<td>5</td>
<td>com.ae.tests.RemoveProductFromCartTest@4f1bfe23</td></tr>
<tr>
<td title='com.ae.tests.DownloadInvoiceTest.downloadInvoiceAPurchase()'><b>downloadInvoiceAPurchase</b><br>Test class: com.ae.tests.DownloadInvoiceTest</td>
<td></td>
<td>6</td>
<td>com.ae.tests.DownloadInvoiceTest@512535ff</td></tr>
<tr>
<td title='com.ae.tests.PORegisterWCheckOutTest.pORegisterWhileCheckout()'><b>pORegisterWhileCheckout</b><br>Test class: com.ae.tests.PORegisterWCheckOutTest</td>
<td></td>
<td>8</td>
<td>com.ae.tests.PORegisterWCheckOutTest@38831718</td></tr>
<tr>
<td title='com.ae.tests.POLoginBCheckOutTest.pOLoginBeforeCheckout()'><b>pOLoginBeforeCheckout</b><br>Test class: com.ae.tests.POLoginBCheckOutTest</td>
<td></td>
<td>17</td>
<td>com.ae.tests.POLoginBCheckOutTest@e19bb76</td></tr>
<tr>
<td title='com.ae.tests.ViewCategoryProductsTest.viewCategoryProducts()'><b>viewCategoryProducts</b><br>Test class: com.ae.tests.ViewCategoryProductsTest</td>
<td></td>
<td>5</td>
<td>com.ae.tests.ViewCategoryProductsTest@134d26af</td></tr>
<tr>
<td title='com.ae.tests.ContactUsFormTest.contactUs()'><b>contactUs</b><br>Test class: com.ae.tests.ContactUsFormTest</td>
<td></td>
<td>9</td>
<td>com.ae.tests.ContactUsFormTest@22d7b4f8</td></tr>
<tr>
<td title='com.ae.tests.VerifyTestCasesTest.verifyTestCases()'><b>verifyTestCases</b><br>Test class: com.ae.tests.VerifyTestCasesTest</td>
<td></td>
<td>1</td>
<td>com.ae.tests.VerifyTestCasesTest@1941a8ff</td></tr>
<tr>
<td title='com.ae.tests.CartPageSubscriptionTest.verifyCartInSubscription()'><b>verifyCartInSubscription</b><br>Test class: com.ae.tests.CartPageSubscriptionTest</td>
<td></td>
<td>2</td>
<td>com.ae.tests.CartPageSubscriptionTest@5adb0db3</td></tr>
<tr>
<td title='com.ae.tests.RegisterTest.registerUser()'><b>registerUser</b><br>Test class: com.ae.tests.RegisterTest</td>
<td></td>
<td>1</td>
<td>com.ae.tests.RegisterTest@2250b9f2</td></tr>
<tr>
<td title='com.ae.tests.ValidLoginTest.validSignIn()'><b>validSignIn</b><br>Test class: com.ae.tests.ValidLoginTest</td>
<td></td>
<td>5</td>
<td>com.ae.tests.ValidLoginTest@253d9f73</td></tr>
<tr>
<td title='com.ae.tests.SearchProductTest.verifyProductsDetails()'><b>verifyProductsDetails</b><br>Test class: com.ae.tests.SearchProductTest</td>
<td></td>
<td>5</td>
<td>com.ae.tests.SearchProductTest@61a88b8c</td></tr>
<tr>
<td title='com.ae.tests.InvalidLoginTest.invalidSignIn()'><b>invalidSignIn</b><br>Test class: com.ae.tests.InvalidLoginTest</td>
<td></td>
<td>3</td>
<td>com.ae.tests.InvalidLoginTest@5dcd8c7a</td></tr>
<tr>
<td title='com.ae.tests.HomePageSubscriptionTest.verifingSubscription()'><b>verifingSubscription</b><br>Test class: com.ae.tests.HomePageSubscriptionTest</td>
<td></td>
<td>0</td>
<td>com.ae.tests.HomePageSubscriptionTest@33fe57a9</td></tr>
<tr>
<td title='com.ae.tests.VerifyProductQuantityInCartTest.productQuantityIncart()'><b>productQuantityIncart</b><br>Test class: com.ae.tests.VerifyProductQuantityInCartTest</td>
<td></td>
<td>3</td>
<td>com.ae.tests.VerifyProductQuantityInCartTest@1a760689</td></tr>
<tr>
<td title='com.ae.tests.SearchProductVerifyInCartAloginTest.searchAndVefiryProductInCart()'><b>searchAndVefiryProductInCart</b><br>Test class: com.ae.tests.SearchProductVerifyInCartAloginTest</td>
<td></td>
<td>18</td>
<td>com.ae.tests.SearchProductVerifyInCartAloginTest@149dd36b</td></tr>
<tr>
<td title='com.ae.tests.AddProductsToCartTest.addProductTocart()'><b>addProductTocart</b><br>Test class: com.ae.tests.AddProductsToCartTest</td>
<td></td>
<td>7</td>
<td>com.ae.tests.AddProductsToCartTest@71529963</td></tr>
<tr>
<td title='com.ae.tests.ProductsAndDetailsTest.verifyProductsDetails()'><b>verifyProductsDetails</b><br>Test class: com.ae.tests.ProductsAndDetailsTest</td>
<td></td>
<td>7</td>
<td>com.ae.tests.ProductsAndDetailsTest@7241a47d</td></tr>
<tr>
<td title='com.ae.tests.ViewCartBrandProductsTest.viewCategoryProducts()'><b>viewCategoryProducts</b><br>Test class: com.ae.tests.ViewCartBrandProductsTest</td>
<td></td>
<td>8</td>
<td>com.ae.tests.ViewCartBrandProductsTest@2c1156a7</td></tr>
<tr>
<td title='com.ae.tests.AddToCartFRecomendsTest.addProductTocart()'><b>addProductTocart</b><br>Test class: com.ae.tests.AddToCartFRecomendsTest</td>
<td></td>
<td>12</td>
<td>com.ae.tests.AddToCartFRecomendsTest@22295ec4</td></tr>
<tr>
<td title='com.ae.tests.ReviewProductTest.reviewProducts()'><b>reviewProducts</b><br>Test class: com.ae.tests.ReviewProductTest</td>
<td></td>
<td>6</td>
<td>com.ae.tests.ReviewProductTest@70f59913</td></tr>
<tr>
<td title='com.ae.tests.PORegisterBCheckOutTest.pORegisterBeforeCheckout()'><b>pORegisterBeforeCheckout</b><br>Test class: com.ae.tests.PORegisterBCheckOutTest</td>
<td></td>
<td>2</td>
<td>com.ae.tests.PORegisterBCheckOutTest@7e3181aa</td></tr>
<tr>
<td title='com.ae.tests.LogOutUserTest.signInAndLogOut()'><b>signInAndLogOut</b><br>Test class: com.ae.tests.LogOutUserTest</td>
<td></td>
<td>8</td>
<td>com.ae.tests.LogOutUserTest@3f270e0a</td></tr>
</table><p>
<table width='100%' border='1' class='invocation-skipped'>
<tr><td colspan='4' align='center'><b>SKIPPED TESTS</b></td></tr>
<tr><td><b>Test method</b></td>
<td width="30%"><b>Exception</b></td>
<td width="10%"><b>Time (seconds)</b></td>
<td><b>Instance</b></td>
</tr>
<tr>
<td title='com.ae.tests.ExistEmailRegistrationTest.existingEmailVeify()'><b>existingEmailVeify</b><br>Test class: com.ae.tests.ExistEmailRegistrationTest</td>
<td><div><pre>org.openqa.selenium.NoSuchWindowException: no such window: target window already closed
from unknown error: web view not found
  (Session info: chrome=96.0.4664.110)
Build info: version: &apos;4.1.0&apos;, revision: &apos;87802e897b&apos;
System info: host: &apos;QT-INBG-LT0684&apos;, ip: &apos;192.168.29.147&apos;, os.name: &apos;Windows 10&apos;, os.arch: &apos;amd64&apos;, os.version: &apos;10.0&apos;, java.version: &apos;17.0.1&apos;
Driver info: org.openqa.selenium.chrome.ChromeDriver
Command: [d39e5c4459fe17f5496fb62a02a71ad6, maximizeCurrentWindow {}]
Capabilities {acceptInsecureCerts: false, browserName: chrome, browserVersion: 96.0.4664.110, chrome: {chromedriverVersion: 96.0.4664.45 (76e4c1bb2ab46..., userDataDir: C:\Users\YASHAW~1.H\AppData...}, goog:chromeOptions: {debuggerAddress: localhost:51010}, javascriptEnabled: true, networkConnectionEnabled: false, pageLoadStrategy: normal, platform: WINDOWS, platformName: WINDOWS, proxy: Proxy(), se:cdp: ws://localhost:51010/devtoo..., se:cdpVersion: 96.0.4664.110, setWindowRect: true, strictFileInteractability: false, timeouts: {implicit: 0, pageLoad: 300000, script: 30000}, unhandledPromptBehavior: dismiss and notify, webauthn:extension:credBlob: true, webauthn:extension:largeBlob: true, webauthn:virtualAuthenticators: true}
Session ID: d39e5c4459fe17f5496fb62a02a71ad6
	at org.openqa.selenium.remote.codec.w3c.W3CHttpResponseCodec.createException(W3CHttpResponseCodec.java:200)
	at org.openqa.selenium.remote.codec.w3c.W3CHttpResponseCodec.decode(W3CHttpResponseCodec.java:133)
	at org.openqa.selenium.remote.codec.w3c.W3CHttpResponseCodec.decode(W3CHttpResponseCodec.java:53)
	at org.openqa.selenium.remote.HttpCommandExecutor.execute(HttpCommandExecutor.java:184)
	at org.openqa.selenium.remote.service.DriverCommandExecutor.invokeExecute(DriverCommandExecutor.java:164)
	at org.openqa.selenium.remote.service.DriverCommandExecutor.execute(DriverCommandExecutor.java:139)
	at org.openqa.selenium.remote.RemoteWebDriver.execute(RemoteWebDriver.java:559)
	at org.openqa.selenium.remote.RemoteWebDriver.execute(RemoteWebDriver.java:614)
	at org.openqa.selenium.remote.RemoteWebDriver.execute(RemoteWebDriver.java:618)
	at org.openqa.selenium.remote.RemoteWebDriver$RemoteWebDriverOptions$RemoteWindow.maximize(RemoteWebDriver.java:928)
	at com.ae.qa.util.BaseTest.setup(BaseTest.java:63)
	at java.base/java.util.concurrent.ThreadPoolExecutor.runWorker(ThreadPoolExecutor.java:1136)
	at java.base/java.util.concurrent.ThreadPoolExecutor$Worker.run(ThreadPoolExecutor.java:635)
	at java.base/java.lang.Thread.run(Thread.java:833)
... Removed 14 stack frames</pre></div><a href='#' onClick='toggleBox("stack-trace1783121511", this, "Click to show all stack frames", "Click to hide stack frames")'>Click to show all stack frames</a>
<div class='stack-trace' id='stack-trace1783121511'><pre>org.openqa.selenium.NoSuchWindowException: no such window: target window already closed
from unknown error: web view not found
  (Session info: chrome=96.0.4664.110)
Build info: version: &apos;4.1.0&apos;, revision: &apos;87802e897b&apos;
System info: host: &apos;QT-INBG-LT0684&apos;, ip: &apos;192.168.29.147&apos;, os.name: &apos;Windows 10&apos;, os.arch: &apos;amd64&apos;, os.version: &apos;10.0&apos;, java.version: &apos;17.0.1&apos;
Driver info: org.openqa.selenium.chrome.ChromeDriver
Command: [d39e5c4459fe17f5496fb62a02a71ad6, maximizeCurrentWindow {}]
Capabilities {acceptInsecureCerts: false, browserName: chrome, browserVersion: 96.0.4664.110, chrome: {chromedriverVersion: 96.0.4664.45 (76e4c1bb2ab46..., userDataDir: C:\Users\YASHAW~1.H\AppData...}, goog:chromeOptions: {debuggerAddress: localhost:51010}, javascriptEnabled: true, networkConnectionEnabled: false, pageLoadStrategy: normal, platform: WINDOWS, platformName: WINDOWS, proxy: Proxy(), se:cdp: ws://localhost:51010/devtoo..., se:cdpVersion: 96.0.4664.110, setWindowRect: true, strictFileInteractability: false, timeouts: {implicit: 0, pageLoad: 300000, script: 30000}, unhandledPromptBehavior: dismiss and notify, webauthn:extension:credBlob: true, webauthn:extension:largeBlob: true, webauthn:virtualAuthenticators: true}
Session ID: d39e5c4459fe17f5496fb62a02a71ad6
	at java.base/jdk.internal.reflect.NativeConstructorAccessorImpl.newInstance0(Native Method)
	at java.base/jdk.internal.reflect.NativeConstructorAccessorImpl.newInstance(NativeConstructorAccessorImpl.java:77)
	at java.base/jdk.internal.reflect.DelegatingConstructorAccessorImpl.newInstance(DelegatingConstructorAccessorImpl.java:45)
	at java.base/java.lang.reflect.Constructor.newInstanceWithCaller(Constructor.java:499)
	at java.base/java.lang.reflect.Constructor.newInstance(Constructor.java:480)
	at org.openqa.selenium.remote.codec.w3c.W3CHttpResponseCodec.createException(W3CHttpResponseCodec.java:200)
	at org.openqa.selenium.remote.codec.w3c.W3CHttpResponseCodec.decode(W3CHttpResponseCodec.java:133)
	at org.openqa.selenium.remote.codec.w3c.W3CHttpResponseCodec.decode(W3CHttpResponseCodec.java:53)
	at org.openqa.selenium.remote.HttpCommandExecutor.execute(HttpCommandExecutor.java:184)
	at org.openqa.selenium.remote.service.DriverCommandExecutor.invokeExecute(DriverCommandExecutor.java:164)
	at org.openqa.selenium.remote.service.DriverCommandExecutor.execute(DriverCommandExecutor.java:139)
	at org.openqa.selenium.remote.RemoteWebDriver.execute(RemoteWebDriver.java:559)
	at org.openqa.selenium.remote.RemoteWebDriver.execute(RemoteWebDriver.java:614)
	at org.openqa.selenium.remote.RemoteWebDriver.execute(RemoteWebDriver.java:618)
	at org.openqa.selenium.remote.RemoteWebDriver$RemoteWebDriverOptions$RemoteWindow.maximize(RemoteWebDriver.java:928)
	at com.ae.qa.util.BaseTest.setup(BaseTest.java:63)
	at jdk.internal.reflect.GeneratedMethodAccessor8.invoke(Unknown Source)
	at java.base/jdk.internal.reflect.DelegatingMethodAccessorImpl.invoke(DelegatingMethodAccessorImpl.java:43)
	at java.base/java.lang.reflect.Method.invoke(Method.java:568)
	at org.testng.internal.MethodInvocationHelper.invokeMethod(MethodInvocationHelper.java:133)
	at org.testng.internal.MethodInvocationHelper.invokeMethodConsideringTimeout(MethodInvocationHelper.java:62)
	at org.testng.internal.ConfigInvoker.invokeConfigurationMethod(ConfigInvoker.java:385)
	at org.testng.internal.ConfigInvoker.invokeConfigurations(ConfigInvoker.java:321)
	at org.testng.internal.TestMethodWorker.invokeBeforeClassMethods(TestMethodWorker.java:176)
	at org.testng.internal.TestMethodWorker.run(TestMethodWorker.java:122)
	at java.base/java.util.concurrent.ThreadPoolExecutor.runWorker(ThreadPoolExecutor.java:1136)
	at java.base/java.util.concurrent.ThreadPoolExecutor$Worker.run(ThreadPoolExecutor.java:635)
	at java.base/java.lang.Thread.run(Thread.java:833)
</pre></div></td>
<td>0</td>
<td>com.ae.tests.ExistEmailRegistrationTest@77258e59</td></tr>
</table><p>
</body>
</html>