<?xml version="1.0" encoding="UTF-8"?>
<!-- Generated by org.testng.reporters.JUnitXMLReporter -->
<testsuite ignored="22" hostname="QT-INBG-LT0684" failures="0" tests="23" name="TestNg-Automation Exercises" time="218.438" errors="0" timestamp="2021-12-29T16:52:10 IST">
  <testcase classname="com.ae.qa.util.BaseTest" name="@BeforeClass setup" time="141.704">
    <failure type="org.openqa.selenium.NoSuchWindowException" message="no such window: target window already closed
from unknown error: web view not found
  (Session info: chrome=96.0.4664.110)
Build info: version: &amp;apos;4.1.0&amp;apos;, revision: &amp;apos;87802e897b&amp;apos;
System info: host: &amp;apos;QT-INBG-LT0684&amp;apos;, ip: &amp;apos;192.168.29.147&amp;apos;, os.name: &amp;apos;Windows 10&amp;apos;, os.arch: &amp;apos;amd64&amp;apos;, os.version: &amp;apos;10.0&amp;apos;, java.version: &amp;apos;17.0.1&amp;apos;
Driver info: org.openqa.selenium.chrome.ChromeDriver
Command: [d39e5c4459fe17f5496fb62a02a71ad6, maximizeCurrentWindow {}]
Capabilities {acceptInsecureCerts: false, browserName: chrome, browserVersion: 96.0.4664.110, chrome: {chromedriverVersion: 96.0.4664.45 (76e4c1bb2ab46..., userDataDir: C:\Users\YASHAW~1.H\AppData...}, goog:chromeOptions: {debuggerAddress: localhost:51010}, javascriptEnabled: true, networkConnectionEnabled: false, pageLoadStrategy: normal, platform: WINDOWS, platformName: WINDOWS, proxy: Proxy(), se:cdp: ws://localhost:51010/devtoo..., se:cdpVersion: 96.0.4664.110, setWindowRect: true, strictFileInteractability: false, timeouts: {implicit: 0, pageLoad: 300000, script: 30000}, unhandledPromptBehavior: dismiss and notify, webauthn:extension:credBlob: true, webauthn:extension:largeBlob: true, webauthn:virtualAuthenticators: true}
Session ID: d39e5c4459fe17f5496fb62a02a71ad6">
      <![CDATA[org.openqa.selenium.NoSuchWindowException: no such window: target window already closed
from unknown error: web view not found
  (Session info: chrome=96.0.4664.110)
Build info: version: '4.1.0', revision: '87802e897b'
System info: host: 'QT-INBG-LT0684', ip: '192.168.29.147', os.name: 'Windows 10', os.arch: 'amd64', os.version: '10.0', java.version: '17.0.1'
Driver info: org.openqa.selenium.chrome.ChromeDriver
Command: [d39e5c4459fe17f5496fb62a02a71ad6, maximizeCurrentWindow {}]
Capabilities {acceptInsecureCerts: false, browserName: chrome, browserVersion: 96.0.4664.110, chrome: {chromedriverVersion: 96.0.4664.45 (76e4c1bb2ab46..., userDataDir: C:\Users\YASHAW~1.H\AppData...}, goog:chromeOptions: {debuggerAddress: localhost:51010}, javascriptEnabled: true, networkConnectionEnabled: false, pageLoadStrategy: normal, platform: WINDOWS, platformName: WINDOWS, proxy: Proxy(), se:cdp: ws://localhost:51010/devtoo..., se:cdpVersion: 96.0.4664.110, setWindowRect: true, strictFileInteractability: false, timeouts: {implicit: 0, pageLoad: 300000, script: 30000}, unhandledPromptBehavior: dismiss and notify, webauthn:extension:credBlob: true, webauthn:extension:largeBlob: true, webauthn:virtualAuthenticators: true}
Session ID: d39e5c4459fe17f5496fb62a02a71ad6
at org.openqa.selenium.remote.codec.w3c.W3CHttpResponseCodec.createException(W3CHttpResponseCodec.java:200)
at org.openqa.selenium.remote.codec.w3c.W3CHttpResponseCodec.decode(W3CHttpResponseCodec.java:133)
at org.openqa.selenium.remote.codec.w3c.W3CHttpResponseCodec.decode(W3CHttpResponseCodec.java:53)
at org.openqa.selenium.remote.HttpCommandExecutor.execute(HttpCommandExecutor.java:184)
at org.openqa.selenium.remote.service.DriverCommandExecutor.invokeExecute(DriverCommandExecutor.java:164)
at org.openqa.selenium.remote.service.DriverCommandExecutor.execute(DriverCommandExecutor.java:139)
at org.openqa.selenium.remote.RemoteWebDriver.execute(RemoteWebDriver.java:559)
at org.openqa.selenium.remote.RemoteWebDriver.execute(RemoteWebDriver.java:614)
at org.openqa.selenium.remote.RemoteWebDriver.execute(RemoteWebDriver.java:618)
at org.openqa.selenium.remote.RemoteWebDriver$RemoteWebDriverOptions$RemoteWindow.maximize(RemoteWebDriver.java:928)
at com.ae.qa.util.BaseTest.setup(BaseTest.java:63)
at java.base/java.util.concurrent.ThreadPoolExecutor.runWorker(ThreadPoolExecutor.java:1136)
at java.base/java.util.concurrent.ThreadPoolExecutor$Worker.run(ThreadPoolExecutor.java:635)
at java.base/java.lang.Thread.run(Thread.java:833)
... Removed 14 stack frames]]>
    </failure>
  </testcase> <!-- @BeforeClass setup -->
  <testcase classname="com.ae.qa.util.BaseTest" name="@AfterClass wrapUp" time="-1.640776930618E9">
    <skipped/>
  </testcase> <!-- @AfterClass wrapUp -->
  <testcase classname="com.ae.tests.VerifyTestCasesTest" name="verifyTestCases" time="1.037"/>
  <testcase classname="com.ae.tests.ViewCategoryProductsTest" name="viewCategoryProducts" time="5.874"/>
  <testcase classname="com.ae.tests.PORegisterWCheckOutTest" name="pORegisterWhileCheckout" time="8.253"/>
  <testcase classname="com.ae.tests.ContactUsFormTest" name="contactUs" time="9.104"/>
  <testcase classname="com.ae.tests.SearchProductVerifyInCartAloginTest" name="searchAndVefiryProductInCart" time="18.849"/>
  <testcase classname="com.ae.tests.HomePageSubscriptionTest" name="verifingSubscription" time="0.909"/>
  <testcase classname="com.ae.tests.ViewCartBrandProductsTest" name="viewCategoryProducts" time="8.8"/>
  <testcase classname="com.ae.tests.RemoveProductFromCartTest" name="registerUser" time="5.917"/>
  <testcase classname="com.ae.tests.POLoginBCheckOutTest" name="pOLoginBeforeCheckout" time="17.232"/>
  <testcase classname="com.ae.tests.DownloadInvoiceTest" name="downloadInvoiceAPurchase" time="6.371"/>
  <testcase classname="com.ae.tests.AddProductsToCartTest" name="addProductTocart" time="7.588"/>
  <testcase classname="com.ae.tests.SearchProductTest" name="verifyProductsDetails" time="5.581"/>
  <testcase classname="com.ae.tests.CartPageSubscriptionTest" name="verifyCartInSubscription" time="2.936"/>
  <testcase classname="com.ae.tests.AddToCartFRecomendsTest" name="addProductTocart" time="12.091"/>
  <testcase classname="com.ae.tests.VerifyProductQuantityInCartTest" name="productQuantityIncart" time="3.859"/>
  <testcase classname="com.ae.tests.LogOutUserTest" name="signInAndLogOut" time="8.601"/>
  <testcase classname="com.ae.tests.ProductsAndDetailsTest" name="verifyProductsDetails" time="7.659"/>
  <testcase classname="com.ae.tests.ReviewProductTest" name="reviewProducts" time="6.851"/>
  <testcase classname="com.ae.tests.InvalidLoginTest" name="invalidSignIn" time="3.167"/>
  <testcase classname="com.ae.tests.RegisterTest" name="registerUser" time="1.887"/>
  <testcase classname="com.ae.tests.PORegisterBCheckOutTest" name="pORegisterBeforeCheckout" time="2.413"/>
  <testcase classname="com.ae.tests.ValidLoginTest" name="validSignIn" time="5.379"/>
  <testcase classname="com.ae.tests.ExistEmailRegistrationTest" name="existingEmailVeify" time="0.0">
    <skipped/>
  </testcase> <!-- existingEmailVeify -->
  <testcase classname="com.ae.qa.util.BaseTest" name="@BeforeSuite globalSetup" time="0.0">
    <ignored/>
  </testcase> <!-- @BeforeSuite globalSetup -->
  <testcase classname="com.ae.qa.util.BaseTest" name="@BeforeSuite globalSetup" time="0.0">
    <ignored/>
  </testcase> <!-- @BeforeSuite globalSetup -->
  <testcase classname="com.ae.qa.util.BaseTest" name="@BeforeSuite globalSetup" time="0.0">
    <ignored/>
  </testcase> <!-- @BeforeSuite globalSetup -->
  <testcase classname="com.ae.qa.util.BaseTest" name="@BeforeSuite globalSetup" time="0.0">
    <ignored/>
  </testcase> <!-- @BeforeSuite globalSetup -->
  <testcase classname="com.ae.qa.util.BaseTest" name="@BeforeSuite globalSetup" time="0.0">
    <ignored/>
  </testcase> <!-- @BeforeSuite globalSetup -->
  <testcase classname="com.ae.qa.util.BaseTest" name="@BeforeSuite globalSetup" time="0.0">
    <ignored/>
  </testcase> <!-- @BeforeSuite globalSetup -->
  <testcase classname="com.ae.qa.util.BaseTest" name="@BeforeSuite globalSetup" time="0.0">
    <ignored/>
  </testcase> <!-- @BeforeSuite globalSetup -->
  <testcase classname="com.ae.qa.util.BaseTest" name="@BeforeSuite globalSetup" time="0.0">
    <ignored/>
  </testcase> <!-- @BeforeSuite globalSetup -->
  <testcase classname="com.ae.qa.util.BaseTest" name="@BeforeSuite globalSetup" time="0.0">
    <ignored/>
  </testcase> <!-- @BeforeSuite globalSetup -->
  <testcase classname="com.ae.qa.util.BaseTest" name="@BeforeSuite globalSetup" time="0.0">
    <ignored/>
  </testcase> <!-- @BeforeSuite globalSetup -->
  <testcase classname="com.ae.qa.util.BaseTest" name="@BeforeSuite globalSetup" time="0.0">
    <ignored/>
  </testcase> <!-- @BeforeSuite globalSetup -->
  <testcase classname="com.ae.qa.util.BaseTest" name="@BeforeSuite globalSetup" time="0.0">
    <ignored/>
  </testcase> <!-- @BeforeSuite globalSetup -->
  <testcase classname="com.ae.qa.util.BaseTest" name="@BeforeSuite globalSetup" time="0.0">
    <ignored/>
  </testcase> <!-- @BeforeSuite globalSetup -->
  <testcase classname="com.ae.qa.util.BaseTest" name="@BeforeSuite globalSetup" time="0.0">
    <ignored/>
  </testcase> <!-- @BeforeSuite globalSetup -->
  <testcase classname="com.ae.qa.util.BaseTest" name="@BeforeSuite globalSetup" time="0.0">
    <ignored/>
  </testcase> <!-- @BeforeSuite globalSetup -->
  <testcase classname="com.ae.qa.util.BaseTest" name="@BeforeSuite globalSetup" time="0.0">
    <ignored/>
  </testcase> <!-- @BeforeSuite globalSetup -->
  <testcase classname="com.ae.qa.util.BaseTest" name="@BeforeSuite globalSetup" time="0.0">
    <ignored/>
  </testcase> <!-- @BeforeSuite globalSetup -->
  <testcase classname="com.ae.qa.util.BaseTest" name="@BeforeSuite globalSetup" time="0.0">
    <ignored/>
  </testcase> <!-- @BeforeSuite globalSetup -->
  <testcase classname="com.ae.qa.util.BaseTest" name="@BeforeSuite globalSetup" time="0.0">
    <ignored/>
  </testcase> <!-- @BeforeSuite globalSetup -->
  <testcase classname="com.ae.qa.util.BaseTest" name="@BeforeSuite globalSetup" time="0.0">
    <ignored/>
  </testcase> <!-- @BeforeSuite globalSetup -->
  <testcase classname="com.ae.qa.util.BaseTest" name="@BeforeSuite globalSetup" time="0.0">
    <ignored/>
  </testcase> <!-- @BeforeSuite globalSetup -->
  <testcase classname="com.ae.qa.util.BaseTest" name="@BeforeSuite globalSetup" time="0.0">
    <ignored/>
  </testcase> <!-- @BeforeSuite globalSetup -->
</testsuite> <!-- TestNg-Automation Exercises -->
