[INFO ] 2021-12-30 08:54:04.665 - com.ae.qa.util.LogUtil:startTestCase 15==>  

************** Execution Started : globalSetup**************

[DEBUG] 2021-12-30 08:54:08.553 - Using Log4J2 as the default logging framework
[DEBUG] 2021-12-30 08:54:08.561 - -Dio.netty.leakDetection.level: simple
[DEBUG] 2021-12-30 08:54:08.562 - -Dio.netty.leakDetection.targetRecords: 4
[DEBUG] 2021-12-30 08:54:08.567 - Loaded default ResourceLeakDetector: io.netty.util.ResourceLeakDetector@53b8afea
[DEBUG] 2021-12-30 08:54:08.604 - -Dio.netty.noUnsafe: false
[DEBUG] 2021-12-30 08:54:08.605 - Java version: 17
[DEBUG] 2021-12-30 08:54:08.606 - sun.misc.Unsafe.theUnsafe: available
[DEBUG] 2021-12-30 08:54:08.607 - sun.misc.Unsafe.copyMemory: available
[DEBUG] 2021-12-30 08:54:08.608 - java.nio.Buffer.address: available
[DEBUG] 2021-12-30 08:54:08.609 - direct buffer constructor: unavailable
java.lang.UnsupportedOperationException: Reflective setAccessible(true) disabled
	at io.netty.util.internal.ReflectionUtil.trySetAccessible(ReflectionUtil.java:31) ~[netty-common-4.1.69.Final.jar:4.1.69.Final]
	at io.netty.util.internal.PlatformDependent0$4.run(PlatformDependent0.java:253) ~[netty-common-4.1.69.Final.jar:4.1.69.Final]
	at java.security.AccessController.doPrivileged(AccessController.java:318) ~[?:?]
	at io.netty.util.internal.PlatformDependent0.<clinit>(PlatformDependent0.java:247) ~[netty-common-4.1.69.Final.jar:4.1.69.Final]
	at io.netty.util.internal.PlatformDependent.isAndroid(PlatformDependent.java:294) ~[netty-common-4.1.69.Final.jar:4.1.69.Final]
	at io.netty.util.internal.PlatformDependent.<clinit>(PlatformDependent.java:88) ~[netty-common-4.1.69.Final.jar:4.1.69.Final]
	at io.netty.util.HashedWheelTimer.<init>(HashedWheelTimer.java:114) ~[netty-common-4.1.69.Final.jar:4.1.69.Final]
	at io.netty.util.HashedWheelTimer.<init>(HashedWheelTimer.java:251) ~[netty-common-4.1.69.Final.jar:4.1.69.Final]
	at io.netty.util.HashedWheelTimer.<init>(HashedWheelTimer.java:224) ~[netty-common-4.1.69.Final.jar:4.1.69.Final]
	at io.netty.util.HashedWheelTimer.<init>(HashedWheelTimer.java:203) ~[netty-common-4.1.69.Final.jar:4.1.69.Final]
	at org.asynchttpclient.DefaultAsyncHttpClient.newNettyTimer(DefaultAsyncHttpClient.java:111) ~[async-http-client-2.12.3.jar:?]
	at org.asynchttpclient.DefaultAsyncHttpClient.<init>(DefaultAsyncHttpClient.java:90) ~[async-http-client-2.12.3.jar:?]
	at org.asynchttpclient.Dsl.asyncHttpClient(Dsl.java:32) ~[async-http-client-2.12.3.jar:?]
	at org.openqa.selenium.remote.http.netty.NettyClient.createHttpClient(NettyClient.java:103) ~[selenium-remote-driver-4.1.0.jar:?]
	at org.openqa.selenium.remote.http.netty.NettyClient.<clinit>(NettyClient.java:50) ~[selenium-remote-driver-4.1.0.jar:?]
	at org.openqa.selenium.remote.http.netty.NettyClient$Factory.createClient(NettyClient.java:144) ~[selenium-remote-driver-4.1.0.jar:?]
	at org.openqa.selenium.remote.HttpCommandExecutor.<init>(HttpCommandExecutor.java:107) ~[selenium-remote-driver-4.1.0.jar:?]
	at org.openqa.selenium.remote.HttpCommandExecutor.<init>(HttpCommandExecutor.java:94) ~[selenium-remote-driver-4.1.0.jar:?]
	at org.openqa.selenium.remote.HttpCommandExecutor.<init>(HttpCommandExecutor.java:85) ~[selenium-remote-driver-4.1.0.jar:?]
	at org.openqa.selenium.remote.service.DriverCommandExecutor.<init>(DriverCommandExecutor.java:77) ~[selenium-remote-driver-4.1.0.jar:?]
	at org.openqa.selenium.chromium.ChromiumDriverCommandExecutor.<init>(ChromiumDriverCommandExecutor.java:35) ~[selenium-chromium-driver-4.1.0.jar:?]
	at org.openqa.selenium.chrome.ChromeDriver$ChromeDriverCommandExecutor.<init>(ChromeDriver.java:111) ~[selenium-chrome-driver-4.1.0.jar:?]
	at org.openqa.selenium.chrome.ChromeDriver.<init>(ChromeDriver.java:104) ~[selenium-chrome-driver-4.1.0.jar:?]
	at org.openqa.selenium.chrome.ChromeDriver.<init>(ChromeDriver.java:91) ~[selenium-chrome-driver-4.1.0.jar:?]
	at org.openqa.selenium.chrome.ChromeDriver.<init>(ChromeDriver.java:80) ~[selenium-chrome-driver-4.1.0.jar:?]
	at com.ae.qa.util.BaseTest.setup(BaseTest.java:54) ~[classes/:?]
	at jdk.internal.reflect.NativeMethodAccessorImpl.invoke0(Native Method) ~[?:?]
	at jdk.internal.reflect.NativeMethodAccessorImpl.invoke(NativeMethodAccessorImpl.java:77) ~[?:?]
	at jdk.internal.reflect.DelegatingMethodAccessorImpl.invoke(DelegatingMethodAccessorImpl.java:43) ~[?:?]
	at java.lang.reflect.Method.invoke(Method.java:568) ~[?:?]
	at org.testng.internal.MethodInvocationHelper.invokeMethod(MethodInvocationHelper.java:133) ~[org.testng_7.4.0.r202105021533.jar:7.4.0]
	at org.testng.internal.MethodInvocationHelper.invokeMethodConsideringTimeout(MethodInvocationHelper.java:62) ~[org.testng_7.4.0.r202105021533.jar:7.4.0]
	at org.testng.internal.ConfigInvoker.invokeConfigurationMethod(ConfigInvoker.java:385) ~[org.testng_7.4.0.r202105021533.jar:7.4.0]
	at org.testng.internal.ConfigInvoker.invokeConfigurations(ConfigInvoker.java:321) ~[org.testng_7.4.0.r202105021533.jar:7.4.0]
	at org.testng.internal.TestMethodWorker.invokeBeforeClassMethods(TestMethodWorker.java:176) ~[org.testng_7.4.0.r202105021533.jar:7.4.0]
	at org.testng.internal.TestMethodWorker.run(TestMethodWorker.java:122) ~[org.testng_7.4.0.r202105021533.jar:7.4.0]
	at java.util.ArrayList.forEach(ArrayList.java:1511) [?:?]
	at org.testng.TestRunner.privateRun(TestRunner.java:794) [org.testng_7.4.0.r202105021533.jar:7.4.0]
	at org.testng.TestRunner.run(TestRunner.java:596) [org.testng_7.4.0.r202105021533.jar:7.4.0]
	at org.testng.SuiteRunner.runTest(SuiteRunner.java:377) [org.testng_7.4.0.r202105021533.jar:7.4.0]
	at org.testng.SuiteRunner.runSequentially(SuiteRunner.java:371) [org.testng_7.4.0.r202105021533.jar:7.4.0]
	at org.testng.SuiteRunner.privateRun(SuiteRunner.java:332) [org.testng_7.4.0.r202105021533.jar:7.4.0]
	at org.testng.SuiteRunner.run(SuiteRunner.java:276) [org.testng_7.4.0.r202105021533.jar:7.4.0]
	at org.testng.SuiteRunnerWorker.runSuite(SuiteRunnerWorker.java:53) [org.testng_7.4.0.r202105021533.jar:7.4.0]
	at org.testng.SuiteRunnerWorker.run(SuiteRunnerWorker.java:96) [org.testng_7.4.0.r202105021533.jar:7.4.0]
	at org.testng.TestNG.runSuitesSequentially(TestNG.java:1212) [org.testng_7.4.0.r202105021533.jar:7.4.0]
	at org.testng.TestNG.runSuitesLocally(TestNG.java:1134) [org.testng_7.4.0.r202105021533.jar:7.4.0]
	at org.testng.TestNG.runSuites(TestNG.java:1063) [org.testng_7.4.0.r202105021533.jar:7.4.0]
	at org.testng.TestNG.run(TestNG.java:1031) [org.testng_7.4.0.r202105021533.jar:7.4.0]
	at org.testng.remote.AbstractRemoteTestNG.run(AbstractRemoteTestNG.java:115) [testng-remote.jar:?]
	at org.testng.remote.RemoteTestNG.initAndRun(RemoteTestNG.java:251) [testng-remote.jar:?]
	at org.testng.remote.RemoteTestNG.main(RemoteTestNG.java:77) [testng-remote.jar:?]
[DEBUG] 2021-12-30 08:54:08.619 - java.nio.Bits.unaligned: available, true
[DEBUG] 2021-12-30 08:54:08.621 - jdk.internal.misc.Unsafe.allocateUninitializedArray(int): unavailable
java.lang.IllegalAccessException: class io.netty.util.internal.PlatformDependent0$6 cannot access class jdk.internal.misc.Unsafe (in module java.base) because module java.base does not export jdk.internal.misc to unnamed module @3551a94
	at jdk.internal.reflect.Reflection.newIllegalAccessException(Reflection.java:392) ~[?:?]
	at java.lang.reflect.AccessibleObject.checkAccess(AccessibleObject.java:674) ~[?:?]
	at java.lang.reflect.Method.invoke(Method.java:560) ~[?:?]
	at io.netty.util.internal.PlatformDependent0$6.run(PlatformDependent0.java:375) ~[netty-common-4.1.69.Final.jar:4.1.69.Final]
	at java.security.AccessController.doPrivileged(AccessController.java:318) ~[?:?]
	at io.netty.util.internal.PlatformDependent0.<clinit>(PlatformDependent0.java:366) ~[netty-common-4.1.69.Final.jar:4.1.69.Final]
	at io.netty.util.internal.PlatformDependent.isAndroid(PlatformDependent.java:294) ~[netty-common-4.1.69.Final.jar:4.1.69.Final]
	at io.netty.util.internal.PlatformDependent.<clinit>(PlatformDependent.java:88) ~[netty-common-4.1.69.Final.jar:4.1.69.Final]
	at io.netty.util.HashedWheelTimer.<init>(HashedWheelTimer.java:114) ~[netty-common-4.1.69.Final.jar:4.1.69.Final]
	at io.netty.util.HashedWheelTimer.<init>(HashedWheelTimer.java:251) ~[netty-common-4.1.69.Final.jar:4.1.69.Final]
	at io.netty.util.HashedWheelTimer.<init>(HashedWheelTimer.java:224) ~[netty-common-4.1.69.Final.jar:4.1.69.Final]
	at io.netty.util.HashedWheelTimer.<init>(HashedWheelTimer.java:203) ~[netty-common-4.1.69.Final.jar:4.1.69.Final]
	at org.asynchttpclient.DefaultAsyncHttpClient.newNettyTimer(DefaultAsyncHttpClient.java:111) ~[async-http-client-2.12.3.jar:?]
	at org.asynchttpclient.DefaultAsyncHttpClient.<init>(DefaultAsyncHttpClient.java:90) ~[async-http-client-2.12.3.jar:?]
	at org.asynchttpclient.Dsl.asyncHttpClient(Dsl.java:32) ~[async-http-client-2.12.3.jar:?]
	at org.openqa.selenium.remote.http.netty.NettyClient.createHttpClient(NettyClient.java:103) ~[selenium-remote-driver-4.1.0.jar:?]
	at org.openqa.selenium.remote.http.netty.NettyClient.<clinit>(NettyClient.java:50) ~[selenium-remote-driver-4.1.0.jar:?]
	at org.openqa.selenium.remote.http.netty.NettyClient$Factory.createClient(NettyClient.java:144) ~[selenium-remote-driver-4.1.0.jar:?]
	at org.openqa.selenium.remote.HttpCommandExecutor.<init>(HttpCommandExecutor.java:107) ~[selenium-remote-driver-4.1.0.jar:?]
	at org.openqa.selenium.remote.HttpCommandExecutor.<init>(HttpCommandExecutor.java:94) ~[selenium-remote-driver-4.1.0.jar:?]
	at org.openqa.selenium.remote.HttpCommandExecutor.<init>(HttpCommandExecutor.java:85) ~[selenium-remote-driver-4.1.0.jar:?]
	at org.openqa.selenium.remote.service.DriverCommandExecutor.<init>(DriverCommandExecutor.java:77) ~[selenium-remote-driver-4.1.0.jar:?]
	at org.openqa.selenium.chromium.ChromiumDriverCommandExecutor.<init>(ChromiumDriverCommandExecutor.java:35) ~[selenium-chromium-driver-4.1.0.jar:?]
	at org.openqa.selenium.chrome.ChromeDriver$ChromeDriverCommandExecutor.<init>(ChromeDriver.java:111) ~[selenium-chrome-driver-4.1.0.jar:?]
	at org.openqa.selenium.chrome.ChromeDriver.<init>(ChromeDriver.java:104) ~[selenium-chrome-driver-4.1.0.jar:?]
	at org.openqa.selenium.chrome.ChromeDriver.<init>(ChromeDriver.java:91) ~[selenium-chrome-driver-4.1.0.jar:?]
	at org.openqa.selenium.chrome.ChromeDriver.<init>(ChromeDriver.java:80) ~[selenium-chrome-driver-4.1.0.jar:?]
	at com.ae.qa.util.BaseTest.setup(BaseTest.java:54) ~[classes/:?]
	at jdk.internal.reflect.NativeMethodAccessorImpl.invoke0(Native Method) ~[?:?]
	at jdk.internal.reflect.NativeMethodAccessorImpl.invoke(NativeMethodAccessorImpl.java:77) ~[?:?]
	at jdk.internal.reflect.DelegatingMethodAccessorImpl.invoke(DelegatingMethodAccessorImpl.java:43) ~[?:?]
	at java.lang.reflect.Method.invoke(Method.java:568) ~[?:?]
	at org.testng.internal.MethodInvocationHelper.invokeMethod(MethodInvocationHelper.java:133) ~[org.testng_7.4.0.r202105021533.jar:7.4.0]
	at org.testng.internal.MethodInvocationHelper.invokeMethodConsideringTimeout(MethodInvocationHelper.java:62) ~[org.testng_7.4.0.r202105021533.jar:7.4.0]
	at org.testng.internal.ConfigInvoker.invokeConfigurationMethod(ConfigInvoker.java:385) ~[org.testng_7.4.0.r202105021533.jar:7.4.0]
	at org.testng.internal.ConfigInvoker.invokeConfigurations(ConfigInvoker.java:321) ~[org.testng_7.4.0.r202105021533.jar:7.4.0]
	at org.testng.internal.TestMethodWorker.invokeBeforeClassMethods(TestMethodWorker.java:176) ~[org.testng_7.4.0.r202105021533.jar:7.4.0]
	at org.testng.internal.TestMethodWorker.run(TestMethodWorker.java:122) ~[org.testng_7.4.0.r202105021533.jar:7.4.0]
	at java.util.ArrayList.forEach(ArrayList.java:1511) [?:?]
	at org.testng.TestRunner.privateRun(TestRunner.java:794) [org.testng_7.4.0.r202105021533.jar:7.4.0]
	at org.testng.TestRunner.run(TestRunner.java:596) [org.testng_7.4.0.r202105021533.jar:7.4.0]
	at org.testng.SuiteRunner.runTest(SuiteRunner.java:377) [org.testng_7.4.0.r202105021533.jar:7.4.0]
	at org.testng.SuiteRunner.runSequentially(SuiteRunner.java:371) [org.testng_7.4.0.r202105021533.jar:7.4.0]
	at org.testng.SuiteRunner.privateRun(SuiteRunner.java:332) [org.testng_7.4.0.r202105021533.jar:7.4.0]
	at org.testng.SuiteRunner.run(SuiteRunner.java:276) [org.testng_7.4.0.r202105021533.jar:7.4.0]
	at org.testng.SuiteRunnerWorker.runSuite(SuiteRunnerWorker.java:53) [org.testng_7.4.0.r202105021533.jar:7.4.0]
	at org.testng.SuiteRunnerWorker.run(SuiteRunnerWorker.java:96) [org.testng_7.4.0.r202105021533.jar:7.4.0]
	at org.testng.TestNG.runSuitesSequentially(TestNG.java:1212) [org.testng_7.4.0.r202105021533.jar:7.4.0]
	at org.testng.TestNG.runSuitesLocally(TestNG.java:1134) [org.testng_7.4.0.r202105021533.jar:7.4.0]
	at org.testng.TestNG.runSuites(TestNG.java:1063) [org.testng_7.4.0.r202105021533.jar:7.4.0]
	at org.testng.TestNG.run(TestNG.java:1031) [org.testng_7.4.0.r202105021533.jar:7.4.0]
	at org.testng.remote.AbstractRemoteTestNG.run(AbstractRemoteTestNG.java:115) [testng-remote.jar:?]
	at org.testng.remote.RemoteTestNG.initAndRun(RemoteTestNG.java:251) [testng-remote.jar:?]
	at org.testng.remote.RemoteTestNG.main(RemoteTestNG.java:77) [testng-remote.jar:?]
[DEBUG] 2021-12-30 08:54:08.624 - java.nio.DirectByteBuffer.<init>(long, int): unavailable
[DEBUG] 2021-12-30 08:54:08.624 - sun.misc.Unsafe: available
[DEBUG] 2021-12-30 08:54:08.625 - maxDirectMemory: 4263510016 bytes (maybe)
[DEBUG] 2021-12-30 08:54:08.625 - -Dio.netty.tmpdir: C:\Users\YASHAW~1.H\AppData\Local\Temp (java.io.tmpdir)
[DEBUG] 2021-12-30 08:54:08.626 - -Dio.netty.bitMode: 64 (sun.arch.data.model)
[DEBUG] 2021-12-30 08:54:08.626 - Platform: Windows
[DEBUG] 2021-12-30 08:54:08.627 - -Dio.netty.maxDirectMemory: -1 bytes
[DEBUG] 2021-12-30 08:54:08.628 - -Dio.netty.uninitializedArrayAllocationThreshold: -1
[DEBUG] 2021-12-30 08:54:08.630 - java.nio.ByteBuffer.cleaner(): available
[DEBUG] 2021-12-30 08:54:08.630 - -Dio.netty.noPreferDirect: false
[DEBUG] 2021-12-30 08:54:08.644 - org.jctools-core.MpscChunkedArrayQueue: available
[DEBUG] 2021-12-30 08:54:08.684 - -Dio.netty.threadLocalMap.stringBuilder.initialSize: 1024
[DEBUG] 2021-12-30 08:54:08.684 - -Dio.netty.threadLocalMap.stringBuilder.maxSize: 4096
[DEBUG] 2021-12-30 08:54:08.715 - Default protocols (JDK): [TLSv1.3, TLSv1.2] 
[DEBUG] 2021-12-30 08:54:08.715 - Default cipher suites (JDK): [TLS_ECDHE_ECDSA_WITH_AES_256_GCM_SHA384, TLS_ECDHE_ECDSA_WITH_AES_128_GCM_SHA256, TLS_ECDHE_RSA_WITH_AES_128_GCM_SHA256, TLS_ECDHE_RSA_WITH_AES_256_GCM_SHA384, TLS_ECDHE_RSA_WITH_AES_128_CBC_SHA, TLS_ECDHE_RSA_WITH_AES_256_CBC_SHA, TLS_RSA_WITH_AES_128_GCM_SHA256, TLS_RSA_WITH_AES_128_CBC_SHA, TLS_RSA_WITH_AES_256_CBC_SHA, TLS_AES_128_GCM_SHA256, TLS_AES_256_GCM_SHA384]
[DEBUG] 2021-12-30 08:54:08.767 - -Dio.netty.eventLoopThreads: 16
[DEBUG] 2021-12-30 08:54:08.787 - -Dio.netty.noKeySetOptimization: false
[DEBUG] 2021-12-30 08:54:08.787 - -Dio.netty.selectorAutoRebuildThreshold: 512
[TRACE] 2021-12-30 08:54:08.815 - instrumented a special java.util.Set into: sun.nio.ch.WEPollSelectorImpl@34d52ecd
[TRACE] 2021-12-30 08:54:08.822 - instrumented a special java.util.Set into: sun.nio.ch.WEPollSelectorImpl@277bf091
[TRACE] 2021-12-30 08:54:08.829 - instrumented a special java.util.Set into: sun.nio.ch.WEPollSelectorImpl@fab35b1
[TRACE] 2021-12-30 08:54:08.835 - instrumented a special java.util.Set into: sun.nio.ch.WEPollSelectorImpl@6a094db2
[TRACE] 2021-12-30 08:54:08.840 - instrumented a special java.util.Set into: sun.nio.ch.WEPollSelectorImpl@65bdd558
[TRACE] 2021-12-30 08:54:08.846 - instrumented a special java.util.Set into: sun.nio.ch.WEPollSelectorImpl@1dba4e06
[TRACE] 2021-12-30 08:54:08.851 - instrumented a special java.util.Set into: sun.nio.ch.WEPollSelectorImpl@4beaf6bd
[TRACE] 2021-12-30 08:54:08.856 - instrumented a special java.util.Set into: sun.nio.ch.WEPollSelectorImpl@6b2e46af
[TRACE] 2021-12-30 08:54:08.862 - instrumented a special java.util.Set into: sun.nio.ch.WEPollSelectorImpl@60325987
[TRACE] 2021-12-30 08:54:08.867 - instrumented a special java.util.Set into: sun.nio.ch.WEPollSelectorImpl@2f37f1f9
[TRACE] 2021-12-30 08:54:08.874 - instrumented a special java.util.Set into: sun.nio.ch.WEPollSelectorImpl@3374b5bc
[TRACE] 2021-12-30 08:54:08.880 - instrumented a special java.util.Set into: sun.nio.ch.WEPollSelectorImpl@2af69643
[TRACE] 2021-12-30 08:54:08.886 - instrumented a special java.util.Set into: sun.nio.ch.WEPollSelectorImpl@587a1cfb
[TRACE] 2021-12-30 08:54:08.892 - instrumented a special java.util.Set into: sun.nio.ch.WEPollSelectorImpl@48528634
[TRACE] 2021-12-30 08:54:08.898 - instrumented a special java.util.Set into: sun.nio.ch.WEPollSelectorImpl@5e1d03d7
[TRACE] 2021-12-30 08:54:08.903 - instrumented a special java.util.Set into: sun.nio.ch.WEPollSelectorImpl@4047d2d9
[DEBUG] 2021-12-30 08:54:08.941 - -Dio.netty.allocator.numHeapArenas: 16
[DEBUG] 2021-12-30 08:54:08.941 - -Dio.netty.allocator.numDirectArenas: 16
[DEBUG] 2021-12-30 08:54:08.941 - -Dio.netty.allocator.pageSize: 8192
[DEBUG] 2021-12-30 08:54:08.941 - -Dio.netty.allocator.maxOrder: 11
[DEBUG] 2021-12-30 08:54:08.941 - -Dio.netty.allocator.chunkSize: 16777216
[DEBUG] 2021-12-30 08:54:08.942 - -Dio.netty.allocator.smallCacheSize: 256
[DEBUG] 2021-12-30 08:54:08.942 - -Dio.netty.allocator.normalCacheSize: 64
[DEBUG] 2021-12-30 08:54:08.942 - -Dio.netty.allocator.maxCachedBufferCapacity: 32768
[DEBUG] 2021-12-30 08:54:08.942 - -Dio.netty.allocator.cacheTrimInterval: 8192
[DEBUG] 2021-12-30 08:54:08.942 - -Dio.netty.allocator.cacheTrimIntervalMillis: 0
[DEBUG] 2021-12-30 08:54:08.942 - -Dio.netty.allocator.useCacheForAllThreads: true
[DEBUG] 2021-12-30 08:54:08.942 - -Dio.netty.allocator.maxCachedByteBuffersPerChunk: 1023
[DEBUG] 2021-12-30 08:54:08.965 - -Dio.netty.allocator.type: pooled
[DEBUG] 2021-12-30 08:54:08.965 - -Dio.netty.threadLocalDirectBufferSize: 0
[DEBUG] 2021-12-30 08:54:08.966 - -Dio.netty.maxThreadLocalCharBufferSize: 16384
[DEBUG] 2021-12-30 08:54:09.815 - -Dio.netty.processId: 17136 (auto-detected)
[DEBUG] 2021-12-30 08:54:09.820 - -Djava.net.preferIPv4Stack: false
[DEBUG] 2021-12-30 08:54:09.820 - -Djava.net.preferIPv6Addresses: false
[DEBUG] 2021-12-30 08:54:09.859 - Loopback interface: lo (Software Loopback Interface 1, 127.0.0.1)
[DEBUG] 2021-12-30 08:54:09.861 - Failed to get SOMAXCONN from sysctl and file \proc\sys\net\core\somaxconn. Default: 200
[DEBUG] 2021-12-30 08:54:09.990 - -Dio.netty.machineId: 24:ee:9a:ff:fe:97:19:f4 (auto-detected)
[DEBUG] 2021-12-30 08:54:12.547 - -Dio.netty.initialSeedUniquifier: 0x89e1df223f770678
[INFO ] 2021-12-30 08:54:17.486 - com.ae.tests.InvalidLoginTest:invalidSignIn 17==>  User with invalid email test has begun (Test case 3).
[INFO ] 2021-12-30 08:54:17.539 - com.ae.tests.InvalidLoginTest:invalidSignIn 22==>  Navigated to Homepage sucessfully
[INFO ] 2021-12-30 08:54:17.992 - com.ae.tests.InvalidLoginTest:invalidSignIn 25==>  Clicked on Sign up Or Login button sucessfully
[INFO ] 2021-12-30 08:54:18.040 - com.ae.tests.InvalidLoginTest:invalidSignIn 27==>  Login to your account is displayed
[INFO ] 2021-12-30 08:54:18.652 - com.ae.tests.InvalidLoginTest:invalidSignIn 30==>  Incorrect credentials is displayed sucessfully
[INFO ] 2021-12-30 08:54:18.655 - com.ae.tests.InvalidLoginTest:invalidSignIn 34==>  User with invalid email test has ended (Test case 3).
